c:\users\sengzx\desktop\new assignment template\engine\engine\debug\vc140.pdb
c:\users\sengzx\desktop\new assignment template\engine\engine\debug\vc140.idb
c:\users\sengzx\desktop\new assignment template\engine\engine\debug\bumpmapshaderclass.obj
c:\users\sengzx\desktop\new assignment template\engine\engine\debug\bumpmodelclass.obj
c:\users\sengzx\desktop\new assignment template\engine\engine\debug\cameraclass.obj
c:\users\sengzx\desktop\new assignment template\engine\engine\debug\d3dclass.obj
c:\users\sengzx\desktop\new assignment template\engine\engine\debug\ddstextureloader.obj
c:\users\sengzx\desktop\new assignment template\engine\engine\debug\graphicsclass.obj
c:\users\sengzx\desktop\new assignment template\engine\engine\debug\inputclass.obj
c:\users\sengzx\desktop\new assignment template\engine\engine\debug\lightclass.obj
c:\users\sengzx\desktop\new assignment template\engine\engine\debug\lightshaderclass.obj
c:\users\sengzx\desktop\new assignment template\engine\engine\debug\main.obj
c:\users\sengzx\desktop\new assignment template\engine\engine\debug\modelclass.obj
c:\users\sengzx\desktop\new assignment template\engine\engine\debug\positionclass.obj
c:\users\sengzx\desktop\new assignment template\engine\engine\debug\shadermanagerclass.obj
c:\users\sengzx\desktop\new assignment template\engine\engine\debug\systemclass.obj
c:\users\sengzx\desktop\new assignment template\engine\engine\debug\textureclass.obj
c:\users\sengzx\desktop\new assignment template\engine\engine\debug\textureshaderclass.obj
c:\users\sengzx\desktop\new assignment template\engine\engine\debug\timerclass.obj
c:\users\sengzx\desktop\new assignment template\engine\debug\engine.ilk
c:\users\sengzx\desktop\new assignment template\engine\debug\engine.exe
c:\users\sengzx\desktop\new assignment template\engine\debug\engine.pdb
c:\users\sengzx\desktop\new assignment template\engine\engine\debug\engine.tlog\cl.command.1.tlog
c:\users\sengzx\desktop\new assignment template\engine\engine\debug\engine.tlog\cl.read.1.tlog
c:\users\sengzx\desktop\new assignment template\engine\engine\debug\engine.tlog\cl.write.1.tlog
c:\users\sengzx\desktop\new assignment template\engine\engine\debug\engine.tlog\link.command.1.tlog
c:\users\sengzx\desktop\new assignment template\engine\engine\debug\engine.tlog\link.read.1.tlog
c:\users\sengzx\desktop\new assignment template\engine\engine\debug\engine.tlog\link.write.1.tlog
